[2025-11-12 14:45:42] Requête reçue
Data: Array
(
    [method] => GET
    [uri] => /isset/directeur/bulletins.php
    [ip] => ::1
    [user_agent] => Mozilla/5.0 (Windows NT 10.0; Win64; x64) AppleWebKit/537.36 (KHTML, like Gecko) Chrome/142.0.0.0 Safari/537.36
    [post_data] => Array
        (
        )

)

[2025-11-12 14:45:42] Initialisation de la classe Auth
[2025-11-12 14:46:01] Requête reçue
Data: Array
(
    [method] => GET
    [uri] => /isset/directeur/bulletins.php?classe_id=10&periode_id=1
    [ip] => ::1
    [user_agent] => Mozilla/5.0 (Windows NT 10.0; Win64; x64) AppleWebKit/537.36 (KHTML, like Gecko) Chrome/142.0.0.0 Safari/537.36
    [post_data] => Array
        (
        )

)

[2025-11-12 14:46:01] Initialisation de la classe Auth
[2025-11-12 14:46:12] Requête reçue
Data: Array
(
    [method] => GET
    [uri] => /isset/directeur/bulletins.php?classe_id=10&periode_id=1
    [ip] => ::1
    [user_agent] => Mozilla/5.0 (Windows NT 10.0; Win64; x64) AppleWebKit/537.36 (KHTML, like Gecko) Chrome/142.0.0.0 Safari/537.36
    [post_data] => Array
        (
        )

)

[2025-11-12 14:46:12] Initialisation de la classe Auth
[2025-11-12 14:46:15] Requête reçue
Data: Array
(
    [method] => GET
    [uri] => /isset/directeur/bulletins.php
    [ip] => ::1
    [user_agent] => Mozilla/5.0 (Windows NT 10.0; Win64; x64) AppleWebKit/537.36 (KHTML, like Gecko) Chrome/142.0.0.0 Safari/537.36
    [post_data] => Array
        (
        )

)

[2025-11-12 14:46:15] Initialisation de la classe Auth
[2025-11-12 14:47:44] Requête reçue
Data: Array
(
    [method] => GET
    [uri] => /isset/directeur/bulletins.php?classe_id=10&periode_id=1
    [ip] => ::1
    [user_agent] => Mozilla/5.0 (Windows NT 10.0; Win64; x64) AppleWebKit/537.36 (KHTML, like Gecko) Chrome/142.0.0.0 Safari/537.36
    [post_data] => Array
        (
        )

)

[2025-11-12 14:47:44] Initialisation de la classe Auth
[2025-11-12 14:47:47] Requête reçue
Data: Array
(
    [method] => GET
    [uri] => /isset/directeur/bulletins.php
    [ip] => ::1
    [user_agent] => Mozilla/5.0 (Windows NT 10.0; Win64; x64) AppleWebKit/537.36 (KHTML, like Gecko) Chrome/142.0.0.0 Safari/537.36
    [post_data] => Array
        (
        )

)

[2025-11-12 14:47:47] Initialisation de la classe Auth
[2025-11-12 14:47:56] Requête reçue
Data: Array
(
    [method] => GET
    [uri] => /isset/directeur/bulletins.php?classe_id=10&periode_id=1
    [ip] => ::1
    [user_agent] => Mozilla/5.0 (Windows NT 10.0; Win64; x64) AppleWebKit/537.36 (KHTML, like Gecko) Chrome/142.0.0.0 Safari/537.36
    [post_data] => Array
        (
        )

)

[2025-11-12 14:47:56] Initialisation de la classe Auth
[2025-11-12 14:47:59] Requête reçue
Data: Array
(
    [method] => GET
    [uri] => /isset/directeur/bulletins.php
    [ip] => ::1
    [user_agent] => Mozilla/5.0 (Windows NT 10.0; Win64; x64) AppleWebKit/537.36 (KHTML, like Gecko) Chrome/142.0.0.0 Safari/537.36
    [post_data] => Array
        (
        )

)

[2025-11-12 14:47:59] Initialisation de la classe Auth
[2025-11-12 14:48:13] Requête reçue
Data: Array
(
    [method] => GET
    [uri] => /isset/directeur/bulletins.php
    [ip] => ::1
    [user_agent] => Mozilla/5.0 (Windows NT 10.0; Win64; x64) AppleWebKit/537.36 (KHTML, like Gecko) Chrome/142.0.0.0 Safari/537.36
    [post_data] => Array
        (
        )

)

[2025-11-12 14:48:13] Initialisation de la classe Auth
[2025-11-12 14:48:19] Requête reçue
Data: Array
(
    [method] => GET
    [uri] => /isset/directeur/bulletins.php?classe_id=10&periode_id=1
    [ip] => ::1
    [user_agent] => Mozilla/5.0 (Windows NT 10.0; Win64; x64) AppleWebKit/537.36 (KHTML, like Gecko) Chrome/142.0.0.0 Safari/537.36
    [post_data] => Array
        (
        )

)

[2025-11-12 14:48:19] Initialisation de la classe Auth
[2025-11-12 14:48:22] Requête reçue
Data: Array
(
    [method] => GET
    [uri] => /isset/directeur/bulletins.php
    [ip] => ::1
    [user_agent] => Mozilla/5.0 (Windows NT 10.0; Win64; x64) AppleWebKit/537.36 (KHTML, like Gecko) Chrome/142.0.0.0 Safari/537.36
    [post_data] => Array
        (
        )

)

[2025-11-12 14:48:22] Initialisation de la classe Auth
[2025-11-12 14:48:31] Requête reçue
Data: Array
(
    [method] => GET
    [uri] => /isset/directeur/bulletins.php
    [ip] => ::1
    [user_agent] => Mozilla/5.0 (Windows NT 10.0; Win64; x64) AppleWebKit/537.36 (KHTML, like Gecko) Chrome/142.0.0.0 Safari/537.36
    [post_data] => Array
        (
        )

)

[2025-11-12 14:48:31] Initialisation de la classe Auth
[2025-11-12 14:48:36] Requête reçue
Data: Array
(
    [method] => GET
    [uri] => /isset/directeur/bulletins.php?classe_id=10&periode_id=1
    [ip] => ::1
    [user_agent] => Mozilla/5.0 (Windows NT 10.0; Win64; x64) AppleWebKit/537.36 (KHTML, like Gecko) Chrome/142.0.0.0 Safari/537.36
    [post_data] => Array
        (
        )

)

[2025-11-12 14:48:36] Initialisation de la classe Auth
[2025-11-12 14:48:38] Requête reçue
Data: Array
(
    [method] => GET
    [uri] => /isset/directeur/bulletins.php
    [ip] => ::1
    [user_agent] => Mozilla/5.0 (Windows NT 10.0; Win64; x64) AppleWebKit/537.36 (KHTML, like Gecko) Chrome/142.0.0.0 Safari/537.36
    [post_data] => Array
        (
        )

)

[2025-11-12 14:48:38] Initialisation de la classe Auth
