[2025-11-10 10:56:24] Requête reçue
Data: Array
(
    [method] => GET
    [uri] => /isset/secretaire/inscription.php
    [ip] => ::1
    [user_agent] => Mozilla/5.0 (Windows NT 10.0; Win64; x64) AppleWebKit/537.36 (KHTML, like Gecko) Chrome/142.0.0.0 Safari/537.36
    [post_data] => Array
        (
        )

)

[2025-11-10 10:56:24] Initialisation de la classe Auth
[2025-11-10 10:56:47] Requête reçue
Data: Array
(
    [method] => POST
    [uri] => /isset/secretaire/inscription.php
    [ip] => ::1
    [user_agent] => Mozilla/5.0 (Windows NT 10.0; Win64; x64) AppleWebKit/537.36 (KHTML, like Gecko) Chrome/142.0.0.0 Safari/537.36
    [post_data] => Array
        (
            [nom] => AKAKPO
            [prenom] => Prisca
            [date_naissance] => 2003-04-03
            [lieu_naissance] => KPALIME
            [sexe] => F
            [classe_id] => 10
            [contact_parent] => +228 91 22 21 01
        )

)

[2025-11-10 10:56:47] Initialisation de la classe Auth
[2025-11-10 10:56:47] Requête reçue
Data: Array
(
    [method] => GET
    [uri] => /isset/secretaire/eleves.php
    [ip] => ::1
    [user_agent] => Mozilla/5.0 (Windows NT 10.0; Win64; x64) AppleWebKit/537.36 (KHTML, like Gecko) Chrome/142.0.0.0 Safari/537.36
    [post_data] => Array
        (
        )

)

[2025-11-10 10:56:47] Initialisation de la classe Auth
[2025-11-10 10:57:40] Requête reçue
Data: Array
(
    [method] => GET
    [uri] => /isset/secretaire/eleves.php
    [ip] => ::1
    [user_agent] => Mozilla/5.0 (Windows NT 10.0; Win64; x64) AppleWebKit/537.36 (KHTML, like Gecko) Chrome/142.0.0.0 Safari/537.36
    [post_data] => Array
        (
        )

)

[2025-11-10 10:57:40] Initialisation de la classe Auth
[2025-11-10 10:58:26] Requête reçue
Data: Array
(
    [method] => GET
    [uri] => /isset/secretaire/eleves.php
    [ip] => ::1
    [user_agent] => Mozilla/5.0 (Windows NT 10.0; Win64; x64) AppleWebKit/537.36 (KHTML, like Gecko) Chrome/142.0.0.0 Safari/537.36
    [post_data] => Array
        (
        )

)

[2025-11-10 10:58:26] Initialisation de la classe Auth
[2025-11-10 10:58:41] Requête reçue
Data: Array
(
    [method] => GET
    [uri] => /isset/secretaire/eleves.php
    [ip] => ::1
    [user_agent] => Mozilla/5.0 (Windows NT 10.0; Win64; x64) AppleWebKit/537.36 (KHTML, like Gecko) Chrome/142.0.0.0 Safari/537.36
    [post_data] => Array
        (
        )

)

[2025-11-10 10:58:41] Initialisation de la classe Auth
[2025-11-10 10:59:10] Requête reçue
Data: Array
(
    [method] => GET
    [uri] => /isset/secretaire/eleves.php
    [ip] => ::1
    [user_agent] => Mozilla/5.0 (Windows NT 10.0; Win64; x64) AppleWebKit/537.36 (KHTML, like Gecko) Chrome/142.0.0.0 Safari/537.36
    [post_data] => Array
        (
        )

)

[2025-11-10 10:59:10] Initialisation de la classe Auth
[2025-11-10 10:59:29] Requête reçue
Data: Array
(
    [method] => GET
    [uri] => /isset/secretaire/eleves.php
    [ip] => ::1
    [user_agent] => Mozilla/5.0 (Windows NT 10.0; Win64; x64) AppleWebKit/537.36 (KHTML, like Gecko) Chrome/142.0.0.0 Safari/537.36
    [post_data] => Array
        (
        )

)

[2025-11-10 10:59:29] Initialisation de la classe Auth
[2025-11-10 10:59:39] Requête reçue
Data: Array
(
    [method] => GET
    [uri] => /isset/secretaire/eleves.php
    [ip] => ::1
    [user_agent] => Mozilla/5.0 (Windows NT 10.0; Win64; x64) AppleWebKit/537.36 (KHTML, like Gecko) Chrome/142.0.0.0 Safari/537.36
    [post_data] => Array
        (
        )

)

[2025-11-10 10:59:39] Initialisation de la classe Auth
[2025-11-10 10:59:40] Requête reçue
Data: Array
(
    [method] => GET
    [uri] => /isset/secretaire/eleves.php
    [ip] => ::1
    [user_agent] => Mozilla/5.0 (Windows NT 10.0; Win64; x64) AppleWebKit/537.36 (KHTML, like Gecko) Chrome/142.0.0.0 Safari/537.36
    [post_data] => Array
        (
        )

)

[2025-11-10 10:59:40] Initialisation de la classe Auth
[2025-11-10 10:59:59] Requête reçue
Data: Array
(
    [method] => GET
    [uri] => /isset/secretaire/eleves.php
    [ip] => ::1
    [user_agent] => Mozilla/5.0 (Windows NT 10.0; Win64; x64) AppleWebKit/537.36 (KHTML, like Gecko) Chrome/142.0.0.0 Safari/537.36
    [post_data] => Array
        (
        )

)

[2025-11-10 10:59:59] Initialisation de la classe Auth
[2025-11-10 11:00:07] Requête reçue
Data: Array
(
    [method] => GET
    [uri] => /isset/secretaire/eleves.php
    [ip] => ::1
    [user_agent] => Mozilla/5.0 (Windows NT 10.0; Win64; x64) AppleWebKit/537.36 (KHTML, like Gecko) Chrome/142.0.0.0 Safari/537.36
    [post_data] => Array
        (
        )

)

[2025-11-10 11:00:07] Initialisation de la classe Auth
[2025-11-10 11:00:22] Requête reçue
Data: Array
(
    [method] => GET
    [uri] => /isset/secretaire/eleves.php
    [ip] => ::1
    [user_agent] => Mozilla/5.0 (Windows NT 10.0; Win64; x64) AppleWebKit/537.36 (KHTML, like Gecko) Chrome/142.0.0.0 Safari/537.36
    [post_data] => Array
        (
        )

)

[2025-11-10 11:00:22] Initialisation de la classe Auth
[2025-11-10 11:00:43] Requête reçue
Data: Array
(
    [method] => GET
    [uri] => /isset/secretaire/inscription.php
    [ip] => ::1
    [user_agent] => Mozilla/5.0 (Windows NT 10.0; Win64; x64) AppleWebKit/537.36 (KHTML, like Gecko) Chrome/142.0.0.0 Safari/537.36
    [post_data] => Array
        (
        )

)

[2025-11-10 11:00:43] Initialisation de la classe Auth
[2025-11-10 11:00:46] Requête reçue
Data: Array
(
    [method] => GET
    [uri] => /isset/secretaire/index.php
    [ip] => ::1
    [user_agent] => Mozilla/5.0 (Windows NT 10.0; Win64; x64) AppleWebKit/537.36 (KHTML, like Gecko) Chrome/142.0.0.0 Safari/537.36
    [post_data] => Array
        (
        )

)

[2025-11-10 11:00:46] Initialisation de la classe Auth
[2025-11-10 11:01:13] Requête reçue
Data: Array
(
    [method] => GET
    [uri] => /isset/secretaire/eleves.php
    [ip] => ::1
    [user_agent] => Mozilla/5.0 (Windows NT 10.0; Win64; x64) AppleWebKit/537.36 (KHTML, like Gecko) Chrome/142.0.0.0 Safari/537.36
    [post_data] => Array
        (
        )

)

[2025-11-10 11:01:13] Initialisation de la classe Auth
[2025-11-10 11:01:15] Requête reçue
Data: Array
(
    [method] => GET
    [uri] => /isset/secretaire/index.php
    [ip] => ::1
    [user_agent] => Mozilla/5.0 (Windows NT 10.0; Win64; x64) AppleWebKit/537.36 (KHTML, like Gecko) Chrome/142.0.0.0 Safari/537.36
    [post_data] => Array
        (
        )

)

[2025-11-10 11:01:15] Initialisation de la classe Auth
